2023-12-13 22:31:21,188 INFO: База данных проверена или успешно создана [in /Users/walker/PycharmProjects/Ilvermorny_points/Ilvermorny_app_pre_alpha.py:97]
2023-12-13 22:31:21,252 INFO: Дамп базы данных создан успешно [in /Users/walker/PycharmProjects/Ilvermorny_points/Ilvermorny_app_pre_alpha.py:107]
2023-12-13 22:31:23,028 INFO: Ilvermorny startup [in /Users/walker/PycharmProjects/Ilvermorny_points/Ilvermorny_app_pre_alpha.py:25]
2023-12-13 22:31:23,050 INFO: База данных восстановлена из дампа [in /Users/walker/PycharmProjects/Ilvermorny_points/Ilvermorny_app_pre_alpha.py:116]
2023-12-13 22:31:23,552 INFO: Ilvermorny startup [in /Users/walker/PycharmProjects/Ilvermorny_points/Ilvermorny_app_pre_alpha.py:25]
2023-12-13 22:31:23,570 INFO: База данных восстановлена из дампа [in /Users/walker/PycharmProjects/Ilvermorny_points/Ilvermorny_app_pre_alpha.py:116]
2023-12-13 22:32:55,120 INFO: База данных проверена или успешно создана [in /Users/walker/PycharmProjects/Ilvermorny_points/Ilvermorny_app_pre_alpha.py:97]
2023-12-13 22:32:55,200 INFO: Дамп базы данных создан успешно [in /Users/walker/PycharmProjects/Ilvermorny_points/Ilvermorny_app_pre_alpha.py:107]
2023-12-13 22:32:55,345 INFO: База данных проверена или успешно создана [in /Users/walker/PycharmProjects/Ilvermorny_points/Ilvermorny_app_pre_alpha.py:97]
2023-12-13 22:32:55,411 INFO: Дамп базы данных создан успешно [in /Users/walker/PycharmProjects/Ilvermorny_points/Ilvermorny_app_pre_alpha.py:107]
2023-12-13 22:32:57,105 INFO: Ilvermorny startup [in /Users/walker/PycharmProjects/Ilvermorny_points/Ilvermorny_app_pre_alpha.py:25]
2023-12-13 22:32:57,127 INFO: База данных восстановлена из дампа [in /Users/walker/PycharmProjects/Ilvermorny_points/Ilvermorny_app_pre_alpha.py:116]
2023-12-13 22:32:57,625 INFO: Ilvermorny startup [in /Users/walker/PycharmProjects/Ilvermorny_points/Ilvermorny_app_pre_alpha.py:25]
2023-12-13 22:32:57,642 INFO: База данных восстановлена из дампа [in /Users/walker/PycharmProjects/Ilvermorny_points/Ilvermorny_app_pre_alpha.py:116]
2023-12-13 22:33:04,946 INFO: Волшебник   не найден [in /Users/walker/PycharmProjects/Ilvermorny_points/Ilvermorny_app_pre_alpha.py:238]
2023-12-13 22:33:09,580 INFO: Волшебник   не найден [in /Users/walker/PycharmProjects/Ilvermorny_points/Ilvermorny_app_pre_alpha.py:238]
2023-12-13 22:33:15,211 INFO: Волшебник в  м не найден [in /Users/walker/PycharmProjects/Ilvermorny_points/Ilvermorny_app_pre_alpha.py:238]
2023-12-13 22:33:27,173 INFO: База данных проверена или успешно создана [in /Users/walker/PycharmProjects/Ilvermorny_points/Ilvermorny_app_pre_alpha.py:97]
2023-12-13 22:33:27,249 INFO: Дамп базы данных создан успешно [in /Users/walker/PycharmProjects/Ilvermorny_points/Ilvermorny_app_pre_alpha.py:107]
2023-12-13 22:33:27,409 INFO: База данных проверена или успешно создана [in /Users/walker/PycharmProjects/Ilvermorny_points/Ilvermorny_app_pre_alpha.py:97]
2023-12-13 22:33:27,473 INFO: Дамп базы данных создан успешно [in /Users/walker/PycharmProjects/Ilvermorny_points/Ilvermorny_app_pre_alpha.py:107]
2023-12-13 22:34:22,779 INFO: Ilvermorny startup [in /Users/walker/PycharmProjects/Ilvermorny_points/Ilvermorny_app_pre_alpha.py:25]
2023-12-13 22:34:22,806 INFO: База данных восстановлена из дампа [in /Users/walker/PycharmProjects/Ilvermorny_points/Ilvermorny_app_pre_alpha.py:116]
2023-12-13 22:34:23,319 INFO: Ilvermorny startup [in /Users/walker/PycharmProjects/Ilvermorny_points/Ilvermorny_app_pre_alpha.py:25]
2023-12-13 22:34:23,336 INFO: База данных восстановлена из дампа [in /Users/walker/PycharmProjects/Ilvermorny_points/Ilvermorny_app_pre_alpha.py:116]
2023-12-13 22:34:28,927 INFO: Волшебник а а не найден [in /Users/walker/PycharmProjects/Ilvermorny_points/Ilvermorny_app_pre_alpha.py:289]
2023-12-13 22:34:50,570 INFO: Волшебник Брут  Айзенгард не найден [in /Users/walker/PycharmProjects/Ilvermorny_points/Ilvermorny_app_pre_alpha.py:238]
2023-12-13 22:34:52,639 INFO: Волшебник Брут  Айзенгард не найден [in /Users/walker/PycharmProjects/Ilvermorny_points/Ilvermorny_app_pre_alpha.py:289]
2023-12-13 22:37:19,827 INFO: База данных проверена или успешно создана [in /Users/walker/PycharmProjects/Ilvermorny_points/Ilvermorny_app_pre_alpha.py:97]
2023-12-13 22:37:19,900 INFO: Дамп базы данных создан успешно [in /Users/walker/PycharmProjects/Ilvermorny_points/Ilvermorny_app_pre_alpha.py:107]
2023-12-13 22:37:20,059 INFO: База данных проверена или успешно создана [in /Users/walker/PycharmProjects/Ilvermorny_points/Ilvermorny_app_pre_alpha.py:97]
2023-12-13 22:37:20,126 INFO: Дамп базы данных создан успешно [in /Users/walker/PycharmProjects/Ilvermorny_points/Ilvermorny_app_pre_alpha.py:107]
2023-12-13 22:37:21,722 INFO: Ilvermorny startup [in /Users/walker/PycharmProjects/Ilvermorny_points/Ilvermorny_app_pre_alpha.py:25]
2023-12-13 22:37:21,747 INFO: База данных восстановлена из дампа [in /Users/walker/PycharmProjects/Ilvermorny_points/Ilvermorny_app_pre_alpha.py:116]
2023-12-13 22:37:22,282 INFO: Ilvermorny startup [in /Users/walker/PycharmProjects/Ilvermorny_points/Ilvermorny_app_pre_alpha.py:25]
2023-12-13 22:37:22,300 INFO: База данных восстановлена из дампа [in /Users/walker/PycharmProjects/Ilvermorny_points/Ilvermorny_app_pre_alpha.py:116]
2023-12-13 22:37:33,330 INFO: Волшебник Брут  Айзенгард не найден [in /Users/walker/PycharmProjects/Ilvermorny_points/Ilvermorny_app_pre_alpha.py:238]
2023-12-13 22:37:42,371 INFO: Волшебник Брут  Айзенгард не найден [in /Users/walker/PycharmProjects/Ilvermorny_points/Ilvermorny_app_pre_alpha.py:289]
2023-12-13 22:37:54,461 INFO: База данных проверена или успешно создана [in /Users/walker/PycharmProjects/Ilvermorny_points/Ilvermorny_app_pre_alpha.py:97]
2023-12-13 22:37:54,526 INFO: Дамп базы данных создан успешно [in /Users/walker/PycharmProjects/Ilvermorny_points/Ilvermorny_app_pre_alpha.py:107]
2023-12-13 22:37:54,691 INFO: База данных проверена или успешно создана [in /Users/walker/PycharmProjects/Ilvermorny_points/Ilvermorny_app_pre_alpha.py:97]
2023-12-13 22:37:54,748 INFO: Дамп базы данных создан успешно [in /Users/walker/PycharmProjects/Ilvermorny_points/Ilvermorny_app_pre_alpha.py:107]
2023-12-13 22:37:56,892 INFO: Ilvermorny startup [in /Users/walker/PycharmProjects/Ilvermorny_points/Ilvermorny_app_pre_alpha.py:25]
2023-12-13 22:37:56,908 INFO: База данных восстановлена из дампа [in /Users/walker/PycharmProjects/Ilvermorny_points/Ilvermorny_app_pre_alpha.py:116]
2023-12-13 22:37:57,418 INFO: Ilvermorny startup [in /Users/walker/PycharmProjects/Ilvermorny_points/Ilvermorny_app_pre_alpha.py:25]
2023-12-13 22:37:57,435 INFO: База данных восстановлена из дампа [in /Users/walker/PycharmProjects/Ilvermorny_points/Ilvermorny_app_pre_alpha.py:116]
2023-12-13 22:38:07,318 INFO: Волшебник Брут  Айзенгард не найден [in /Users/walker/PycharmProjects/Ilvermorny_points/Ilvermorny_app_pre_alpha.py:238]
2023-12-13 22:38:12,605 INFO: Волшебник   не найден [in /Users/walker/PycharmProjects/Ilvermorny_points/Ilvermorny_app_pre_alpha.py:238]
2023-12-13 22:38:22,899 INFO: Волшебник Брут  Айзенгард не найден [in /Users/walker/PycharmProjects/Ilvermorny_points/Ilvermorny_app_pre_alpha.py:238]
2023-12-13 22:38:24,892 INFO: Волшебник Брут  Айзенгард не найден [in /Users/walker/PycharmProjects/Ilvermorny_points/Ilvermorny_app_pre_alpha.py:289]
2023-12-13 22:42:22,593 INFO: База данных проверена или успешно создана [in /Users/walker/PycharmProjects/Ilvermorny_points/Ilvermorny_app_pre_alpha.py:97]
2023-12-13 22:42:22,659 INFO: Дамп базы данных создан успешно [in /Users/walker/PycharmProjects/Ilvermorny_points/Ilvermorny_app_pre_alpha.py:107]
2023-12-13 22:42:23,408 INFO: Ilvermorny startup [in /Users/walker/PycharmProjects/Ilvermorny_points/Ilvermorny_app_pre_alpha.py:25]
2023-12-13 22:42:23,428 INFO: База данных восстановлена из дампа [in /Users/walker/PycharmProjects/Ilvermorny_points/Ilvermorny_app_pre_alpha.py:116]
2023-12-13 22:42:53,976 INFO: База данных проверена или успешно создана [in /Users/walker/PycharmProjects/Ilvermorny_points/Ilvermorny_app_pre_alpha.py:97]
2023-12-13 22:42:54,047 INFO: Дамп базы данных создан успешно [in /Users/walker/PycharmProjects/Ilvermorny_points/Ilvermorny_app_pre_alpha.py:107]
2023-12-13 22:42:54,699 INFO: Ilvermorny startup [in /Users/walker/PycharmProjects/Ilvermorny_points/Ilvermorny_app_pre_alpha.py:25]
2023-12-13 22:42:54,718 INFO: База данных восстановлена из дампа [in /Users/walker/PycharmProjects/Ilvermorny_points/Ilvermorny_app_pre_alpha.py:116]
